[debug] [2023-02-22T09:14:10.892Z] ----------------------------------------------------------------------
[debug] [2023-02-22T09:14:10.894Z] Command:       D:\Coding\nodejs\node.exe C:\Users\jocka\AppData\Roaming\npm\node_modules\firebase-tools\lib\bin\firebase.js init
[debug] [2023-02-22T09:14:10.894Z] CLI Version:   11.23.1
[debug] [2023-02-22T09:14:10.894Z] Platform:      win32
[debug] [2023-02-22T09:14:10.895Z] Node Version:  v16.9.1
[debug] [2023-02-22T09:14:10.896Z] Time:          Wed Feb 22 2023 10:14:10 GMT+0100 (Central European Standard Time)
[debug] [2023-02-22T09:14:10.896Z] ----------------------------------------------------------------------
[debug] 
[debug] [2023-02-22T09:14:10.911Z] >>> [apiv2][query] GET https://firebase-public.firebaseio.com/cli.json [none]
[debug] [2023-02-22T09:14:10.941Z] > command requires scopes: ["email","openid","https://www.googleapis.com/auth/cloudplatformprojects.readonly","https://www.googleapis.com/auth/firebase","https://www.googleapis.com/auth/cloud-platform"]
[debug] [2023-02-22T09:14:10.942Z] > authorizing via signed-in user (jockahun@gmail.com)
[info] 
     ######## #### ########  ######## ########     ###     ######  ########
     ##        ##  ##     ## ##       ##     ##  ##   ##  ##       ##
     ######    ##  ########  ######   ########  #########  ######  ######
     ##        ##  ##    ##  ##       ##     ## ##     ##       ## ##
     ##       #### ##     ## ######## ########  ##     ##  ######  ########

You're about to initialize a Firebase project in this directory:

  D:\Coding\React\logopedia-idopont

[debug] [2023-02-22T09:14:11.280Z] <<< [apiv2][status] GET https://firebase-public.firebaseio.com/cli.json 200
[debug] [2023-02-22T09:14:11.281Z] <<< [apiv2][body] GET https://firebase-public.firebaseio.com/cli.json {"cloudBuildErrorAfter":1594252800000,"cloudBuildWarnAfter":1590019200000,"defaultNode10After":1594252800000,"minVersion":"3.0.5","node8DeploysDisabledAfter":1613390400000,"node8RuntimeDisabledAfter":1615809600000,"node8WarnAfter":1600128000000}
